d:\documents\github\rendering-framework-assessment-lewisconor\cross-platform 3d rendering framework\opengl\x64\release\obj\vc142.pdb
d:\documents\github\rendering-framework-assessment-lewisconor\cross-platform 3d rendering framework\opengl\x64\release\obj\utilities.obj
d:\documents\github\rendering-framework-assessment-lewisconor\cross-platform 3d rendering framework\opengl\x64\release\obj\application.obj
d:\documents\github\rendering-framework-assessment-lewisconor\cross-platform 3d rendering framework\opengl\x64\release\obj\glad.obj
d:\documents\github\rendering-framework-assessment-lewisconor\cross-platform 3d rendering framework\opengl\x64\release\obj\texturemanager.obj
d:\documents\github\rendering-framework-assessment-lewisconor\cross-platform 3d rendering framework\opengl\x64\release\obj\texture.obj
d:\documents\github\rendering-framework-assessment-lewisconor\cross-platform 3d rendering framework\opengl\x64\release\obj\shaderutilities.obj
d:\documents\github\rendering-framework-assessment-lewisconor\cross-platform 3d rendering framework\opengl\x64\release\obj\main.obj
d:\documents\github\rendering-framework-assessment-lewisconor\cross-platform 3d rendering framework\opengl\x64\release\obj\framework.obj
d:\documents\github\rendering-framework-assessment-lewisconor\cross-platform 3d rendering framework\x64\release\bin\opengl.exe
d:\documents\github\rendering-framework-assessment-lewisconor\cross-platform 3d rendering framework\x64\release\bin\opengl.pdb
d:\documents\github\rendering-framework-assessment-lewisconor\cross-platform 3d rendering framework\x64\release\bin\opengl.ipdb
d:\documents\github\rendering-framework-assessment-lewisconor\cross-platform 3d rendering framework\x64\release\bin\opengl.iobj
d:\documents\github\rendering-framework-assessment-lewisconor\cross-platform 3d rendering framework\opengl\x64\release\obj\opengl.tlog\cl.command.1.tlog
d:\documents\github\rendering-framework-assessment-lewisconor\cross-platform 3d rendering framework\opengl\x64\release\obj\opengl.tlog\cl.read.1.tlog
d:\documents\github\rendering-framework-assessment-lewisconor\cross-platform 3d rendering framework\opengl\x64\release\obj\opengl.tlog\cl.write.1.tlog
d:\documents\github\rendering-framework-assessment-lewisconor\cross-platform 3d rendering framework\opengl\x64\release\obj\opengl.tlog\link.command.1.tlog
d:\documents\github\rendering-framework-assessment-lewisconor\cross-platform 3d rendering framework\opengl\x64\release\obj\opengl.tlog\link.read.1.tlog
d:\documents\github\rendering-framework-assessment-lewisconor\cross-platform 3d rendering framework\opengl\x64\release\obj\opengl.tlog\link.write.1.tlog
d:\documents\github\rendering-framework-assessment-lewisconor\cross-platform 3d rendering framework\opengl\x64\release\obj\opengl.tlog\opengl.write.1u.tlog
